Compiled jquery.js  (3ms)  (pid 11893)
Compiled jquery_ujs.js  (0ms)  (pid 11893)
Compiled foundation/modernizr.foundation.js  (0ms)  (pid 11893)
Compiled foundation/jquery.placeholder.js  (0ms)  (pid 11893)
Compiled foundation/jquery.foundation.alerts.js  (0ms)  (pid 11893)
Compiled foundation/jquery.foundation.accordion.js  (0ms)  (pid 11893)
Compiled foundation/jquery.foundation.buttons.js  (0ms)  (pid 11893)
Compiled foundation/jquery.foundation.tooltips.js  (0ms)  (pid 11893)
Compiled foundation/jquery.foundation.forms.js  (0ms)  (pid 11893)
Compiled foundation/jquery.foundation.tabs.js  (0ms)  (pid 11893)
Compiled foundation/jquery.foundation.navigation.js  (0ms)  (pid 11893)
Compiled foundation/jquery.foundation.topbar.js  (0ms)  (pid 11893)
Compiled foundation/jquery.foundation.reveal.js  (0ms)  (pid 11893)
Compiled foundation/jquery.foundation.orbit.js  (0ms)  (pid 11893)
Compiled foundation/jquery.foundation.magellan.js  (0ms)  (pid 11893)
Compiled foundation/jquery.foundation.joyride.js  (0ms)  (pid 11893)
Compiled foundation/jquery.foundation.clearing.js  (0ms)  (pid 11893)
Compiled foundation/jquery.foundation.mediaQueryToggle.js  (0ms)  (pid 11893)
Compiled foundation/app.js  (0ms)  (pid 11893)
Compiled foundation/index.js  (206ms)  (pid 11893)
Compiled attribution_clauses.js  (517ms)  (pid 11893)
Compiled changes_to_terms.js  (124ms)  (pid 11893)
Compiled compatibilities.js  (133ms)  (pid 11893)
Compiled compliances.js  (123ms)  (pid 11893)
Compiled conflict_of_laws.js  (121ms)  (pid 11893)
Compiled copyleft_clauses.js  (125ms)  (pid 11893)
Compiled disclaimers.js  (129ms)  (pid 11893)
Compiled licence_changes.js  (122ms)  (pid 11893)
Compiled licences.js  (121ms)  (pid 11893)
Compiled obligations.js  (124ms)  (pid 11893)
Compiled patent_clauses.js  (126ms)  (pid 11893)
Compiled rights.js  (127ms)  (pid 11893)
Compiled terminations.js  (127ms)  (pid 11893)
Compiled application.js  (2519ms)  (pid 11893)
